<?xml version="1.0" encoding="UTF-8"?>
<!-- Generated by org.testng.reporters.JUnitReportReporter -->
<testsuite skipped="0" hostname="DESKTOP-AP99NFS" name="tests.checkOutTest" tests="1" failures="0" timestamp="2020-06-16T16:54:01 PDT" time="1.742" errors="0">
  <testcase name="checkOut" time="1.742" classname="tests.checkOutTest"/>
</testsuite> <!-- tests.checkOutTest -->
