<?xml version="1.0" encoding="UTF-8"?>
<!-- Generated by org.testng.reporters.JUnitReportReporter -->
<testsuite skipped="1" hostname="DESKTOP-AP99NFS" name="tests.SignInTest" tests="2" failures="0" timestamp="2020-06-22T09:35:38 PDT" time="24.190" errors="0">
  <testcase name="login" time="24.190" classname="tests.SignInTest"/>
  <testcase name="menu" classname="tests.SignInTest">
    <skipped/>
  </testcase> <!-- menu -->
</testsuite> <!-- tests.SignInTest -->
